# JRE version: OpenJDK Runtime Environment Temurin-21.0.10+7 (21.0.10+7) (build 21.0.10+7-LTS)
# Java VM: OpenJDK 64-Bit Server VM Temurin-21.0.10+7 (21.0.10+7-LTS, mixed mode, sharing, tiered, compressed oops, compressed class ptrs, parallel gc, windows-amd64)
GC Precious Log:
 CardTable entry size: 512
 CPUs: 8 total, 8 available
 Memory: 7955M
 Large Page Support: Disabled
 NUMA Support: Disabled
 Compressed Oops: Enabled (32-bit)
 Alignments: Space 512K, Generation 512K, Heap 2M
 Heap Min Capacity: 100M
 Heap Initial Capacity: 100M
 Heap Max Capacity: 2G
 Pre-touch: Disabled
 Parallel Workers: 8
Heap:
 PSYoungGen      total 12800K, used 2404K [0x00000000d5580000, 0x00000000d6900000, 0x0000000100000000)
  eden space 11776K, 14% used [0x00000000d5580000,0x00000000d57392b8,0x00000000d6100000)
  from space 1024K, 62% used [0x00000000d6800000,0x00000000d68a0010,0x00000000d6900000)
  to   space 1536K, 0% used [0x00000000d6600000,0x00000000d6600000,0x00000000d6780000)
 ParOldGen       total 68608K, used 52399K [0x0000000080000000, 0x0000000084300000, 0x00000000d5580000)
  object space 68608K, 76% used [0x0000000080000000,0x000000008332bde8,0x0000000084300000)
 Metaspace       used 57325K, committed 58496K, reserved 1114112K
  class space    used 6511K, committed 7040K, reserved 1048576K
GC Heap History (20 events):
Event: 34.646 GC heap before
{Heap before GC invocations=26 (full 2):
 PSYoungGen      total 23552K, used 23157K [0x00000000d5580000, 0x00000000d7000000, 0x0000000100000000)
  eden space 20992K, 100% used [0x00000000d5580000,0x00000000d6a00000,0x00000000d6a00000)
  from space 2560K, 84% used [0x00000000d6a00000,0x00000000d6c1d6d0,0x00000000d6c80000)
  to   space 3072K, 0% used [0x00000000d6d00000,0x00000000d6d00000,0x00000000d7000000)
 ParOldGen       total 68608K, used 31609K [0x0000000080000000, 0x0000000084300000, 0x00000000d5580000)
  object space 68608K, 46% used [0x0000000080000000,0x0000000081ede6c8,0x0000000084300000)
 Metaspace       used 50481K, committed 51648K, reserved 1114112K
  class space    used 5568K, committed 6080K, reserved 1048576K
}
Event: 34.652 GC heap after
{Heap after GC invocations=26 (full 2):
 PSYoungGen      total 23552K, used 2162K [0x00000000d5580000, 0x00000000d6f80000, 0x0000000100000000)
  eden space 20992K, 0% used [0x00000000d5580000,0x00000000d5580000,0x00000000d6a00000)
  from space 2560K, 84% used [0x00000000d6d00000,0x00000000d6f1c948,0x00000000d6f80000)
  to   space 2560K, 0% used [0x00000000d6a00000,0x00000000d6a00000,0x00000000d6c80000)
 ParOldGen       total 68608K, used 33468K [0x0000000080000000, 0x0000000084300000, 0x00000000d5580000)
  object space 68608K, 48% used [0x0000000080000000,0x00000000820af0b8,0x0000000084300000)
 Metaspace       used 50481K, committed 51648K, reserved 1114112K
  class space    used 5568K, committed 6080K, reserved 1048576K
}
Event: 35.076 GC heap before
{Heap before GC invocations=27 (full 2):
 PSYoungGen      total 23552K, used 23154K [0x00000000d5580000, 0x00000000d6f80000, 0x0000000100000000)
  eden space 20992K, 100% used [0x00000000d5580000,0x00000000d6a00000,0x00000000d6a00000)
  from space 2560K, 84% used [0x00000000d6d00000,0x00000000d6f1c948,0x00000000d6f80000)
  to   space 2560K, 0% used [0x00000000d6a00000,0x00000000d6a00000,0x00000000d6c80000)
 ParOldGen       total 68608K, used 33468K [0x0000000080000000, 0x0000000084300000, 0x00000000d5580000)
  object space 68608K, 48% used [0x0000000080000000,0x00000000820af0b8,0x0000000084300000)
 Metaspace       used 50511K, committed 51648K, reserved 1114112K
  class space    used 5569K, committed 6080K, reserved 1048576K
}
Event: 35.081 GC heap after
{Heap after GC invocations=27 (full 2):
 PSYoungGen      total 23552K, used 2112K [0x00000000d5580000, 0x00000000d6f00000, 0x0000000100000000)
  eden space 20992K, 0% used [0x00000000d5580000,0x00000000d5580000,0x00000000d6a00000)
  from space 2560K, 82% used [0x00000000d6a00000,0x00000000d6c10010,0x00000000d6c80000)
  to   space 2560K, 0% used [0x00000000d6c80000,0x00000000d6c80000,0x00000000d6f00000)
 ParOldGen       total 68608K, used 35496K [0x0000000080000000, 0x0000000084300000, 0x00000000d5580000)
  object space 68608K, 51% used [0x0000000080000000,0x00000000822aa208,0x0000000084300000)
 Metaspace       used 50511K, committed 51648K, reserved 1114112K
  class space    used 5569K, committed 6080K, reserved 1048576K
}
Event: 35.385 GC heap before
{Heap before GC invocations=28 (full 2):
 PSYoungGen      total 23552K, used 23104K [0x00000000d5580000, 0x00000000d6f00000, 0x0000000100000000)
  eden space 20992K, 100% used [0x00000000d5580000,0x00000000d6a00000,0x00000000d6a00000)
  from space 2560K, 82% used [0x00000000d6a00000,0x00000000d6c10010,0x00000000d6c80000)
  to   space 2560K, 0% used [0x00000000d6c80000,0x00000000d6c80000,0x00000000d6f00000)
 ParOldGen       total 68608K, used 35496K [0x0000000080000000, 0x0000000084300000, 0x00000000d5580000)
  object space 68608K, 51% used [0x0000000080000000,0x00000000822aa208,0x0000000084300000)
 Metaspace       used 51045K, committed 52160K, reserved 1114112K
  class space    used 5633K, committed 6144K, reserved 1048576K
}
Event: 35.390 GC heap after
{Heap after GC invocations=28 (full 2):
 PSYoungGen      total 23040K, used 1984K [0x00000000d5580000, 0x00000000d6e80000, 0x0000000100000000)
  eden space 20992K, 0% used [0x00000000d5580000,0x00000000d5580000,0x00000000d6a00000)
  from space 2048K, 96% used [0x00000000d6c80000,0x00000000d6e70000,0x00000000d6e80000)
  to   space 2048K, 0% used [0x00000000d6a80000,0x00000000d6a80000,0x00000000d6c80000)
 ParOldGen       total 68608K, used 37528K [0x0000000080000000, 0x0000000084300000, 0x00000000d5580000)
  object space 68608K, 54% used [0x0000000080000000,0x00000000824a6228,0x0000000084300000)
 Metaspace       used 51045K, committed 52160K, reserved 1114112K
  class space    used 5633K, committed 6144K, reserved 1048576K
}
Event: 35.685 GC heap before
{Heap before GC invocations=29 (full 2):
 PSYoungGen      total 23040K, used 22976K [0x00000000d5580000, 0x00000000d6e80000, 0x0000000100000000)
  eden space 20992K, 100% used [0x00000000d5580000,0x00000000d6a00000,0x00000000d6a00000)
  from space 2048K, 96% used [0x00000000d6c80000,0x00000000d6e70000,0x00000000d6e80000)
  to   space 2048K, 0% used [0x00000000d6a80000,0x00000000d6a80000,0x00000000d6c80000)
 ParOldGen       total 68608K, used 37528K [0x0000000080000000, 0x0000000084300000, 0x00000000d5580000)
  object space 68608K, 54% used [0x0000000080000000,0x00000000824a6228,0x0000000084300000)
 Metaspace       used 51566K, committed 52672K, reserved 1114112K
  class space    used 5676K, committed 6144K, reserved 1048576K
}
Event: 35.689 GC heap after
{Heap after GC invocations=29 (full 2):
 PSYoungGen      total 23040K, used 1965K [0x00000000d5580000, 0x00000000d6e00000, 0x0000000100000000)
  eden space 20992K, 0% used [0x00000000d5580000,0x00000000d5580000,0x00000000d6a00000)
  from space 2048K, 95% used [0x00000000d6a80000,0x00000000d6c6b510,0x00000000d6c80000)
  to   space 1536K, 0% used [0x00000000d6c80000,0x00000000d6c80000,0x00000000d6e00000)
 ParOldGen       total 68608K, used 39369K [0x0000000080000000, 0x0000000084300000, 0x00000000d5580000)
  object space 68608K, 57% used [0x0000000080000000,0x0000000082672428,0x0000000084300000)
 Metaspace       used 51566K, committed 52672K, reserved 1114112K
  class space    used 5676K, committed 6144K, reserved 1048576K
}
Event: 38.669 GC heap before
{Heap before GC invocations=30 (full 2):
 PSYoungGen      total 23040K, used 22957K [0x00000000d5580000, 0x00000000d6e00000, 0x0000000100000000)
  eden space 20992K, 100% used [0x00000000d5580000,0x00000000d6a00000,0x00000000d6a00000)
  from space 2048K, 95% used [0x00000000d6a80000,0x00000000d6c6b510,0x00000000d6c80000)
  to   space 1536K, 0% used [0x00000000d6c80000,0x00000000d6c80000,0x00000000d6e00000)
 ParOldGen       total 68608K, used 39369K [0x0000000080000000, 0x0000000084300000, 0x00000000d5580000)
  object space 68608K, 57% used [0x0000000080000000,0x0000000082672428,0x0000000084300000)
 Metaspace       used 52406K, committed 53440K, reserved 1114112K
  class space    used 5768K, committed 6208K, reserved 1048576K
}
Event: 38.674 GC heap after
{Heap after GC invocations=30 (full 2):
 PSYoungGen      total 20992K, used 1536K [0x00000000d5580000, 0x00000000d7200000, 0x0000000100000000)
  eden space 19456K, 0% used [0x00000000d5580000,0x00000000d5580000,0x00000000d6880000)
  from space 1536K, 100% used [0x00000000d6c80000,0x00000000d6e00000,0x00000000d6e00000)
  to   space 4096K, 0% used [0x00000000d6880000,0x00000000d6880000,0x00000000d6c80000)
 ParOldGen       total 68608K, used 41348K [0x0000000080000000, 0x0000000084300000, 0x00000000d5580000)
  object space 68608K, 60% used [0x0000000080000000,0x00000000828610d0,0x0000000084300000)
 Metaspace       used 52406K, committed 53440K, reserved 1114112K
  class space    used 5768K, committed 6208K, reserved 1048576K
}
Event: 42.066 GC heap before
{Heap before GC invocations=31 (full 2):
 PSYoungGen      total 20992K, used 20992K [0x00000000d5580000, 0x00000000d7200000, 0x0000000100000000)
  eden space 19456K, 100% used [0x00000000d5580000,0x00000000d6880000,0x00000000d6880000)
  from space 1536K, 100% used [0x00000000d6c80000,0x00000000d6e00000,0x00000000d6e00000)
  to   space 4096K, 0% used [0x00000000d6880000,0x00000000d6880000,0x00000000d6c80000)
 ParOldGen       total 68608K, used 41348K [0x0000000080000000, 0x0000000084300000, 0x00000000d5580000)
  object space 68608K, 60% used [0x0000000080000000,0x00000000828610d0,0x0000000084300000)
 Metaspace       used 52850K, committed 53952K, reserved 1114112K
  class space    used 5799K, committed 6272K, reserved 1048576K
}
Event: 42.071 GC heap after
{Heap after GC invocations=31 (full 2):
 PSYoungGen      total 19968K, used 256K [0x00000000d5580000, 0x00000000d6d00000, 0x0000000100000000)
  eden space 19456K, 0% used [0x00000000d5580000,0x00000000d5580000,0x00000000d6880000)
  from space 512K, 50% used [0x00000000d6880000,0x00000000d68c0000,0x00000000d6900000)
  to   space 1536K, 0% used [0x00000000d6b80000,0x00000000d6b80000,0x00000000d6d00000)
 ParOldGen       total 68608K, used 42836K [0x0000000080000000, 0x0000000084300000, 0x00000000d5580000)
  object space 68608K, 62% used [0x0000000080000000,0x00000000829d50e0,0x0000000084300000)
 Metaspace       used 52850K, committed 53952K, reserved 1114112K
  class space    used 5799K, committed 6272K, reserved 1048576K
}
Event: 45.698 GC heap before
{Heap before GC invocations=32 (full 2):
 PSYoungGen      total 19968K, used 19712K [0x00000000d5580000, 0x00000000d6d00000, 0x0000000100000000)
  eden space 19456K, 100% used [0x00000000d5580000,0x00000000d6880000,0x00000000d6880000)
  from space 512K, 50% used [0x00000000d6880000,0x00000000d68c0000,0x00000000d6900000)
  to   space 1536K, 0% used [0x00000000d6b80000,0x00000000d6b80000,0x00000000d6d00000)
 ParOldGen       total 68608K, used 42836K [0x0000000080000000, 0x0000000084300000, 0x00000000d5580000)
  object space 68608K, 62% used [0x0000000080000000,0x00000000829d50e0,0x0000000084300000)
 Metaspace       used 53124K, committed 54272K, reserved 1114112K
  class space    used 5813K, committed 6336K, reserved 1048576K
}
Event: 45.701 GC heap after
{Heap after GC invocations=32 (full 2):
 PSYoungGen      total 20480K, used 704K [0x00000000d5580000, 0x00000000d6c80000, 0x0000000100000000)
  eden space 19456K, 0% used [0x00000000d5580000,0x00000000d5580000,0x00000000d6880000)
  from space 1024K, 68% used [0x00000000d6b80000,0x00000000d6c30000,0x00000000d6c80000)
  to   space 1024K, 0% used [0x00000000d6a80000,0x00000000d6a80000,0x00000000d6b80000)
 ParOldGen       total 68608K, used 42994K [0x0000000080000000, 0x0000000084300000, 0x00000000d5580000)
  object space 68608K, 62% used [0x0000000080000000,0x00000000829fc8b8,0x0000000084300000)
 Metaspace       used 53124K, committed 54272K, reserved 1114112K
  class space    used 5813K, committed 6336K, reserved 1048576K
}
Event: 47.914 GC heap before
{Heap before GC invocations=33 (full 2):
 PSYoungGen      total 20480K, used 20160K [0x00000000d5580000, 0x00000000d6c80000, 0x0000000100000000)
  eden space 19456K, 100% used [0x00000000d5580000,0x00000000d6880000,0x00000000d6880000)
  from space 1024K, 68% used [0x00000000d6b80000,0x00000000d6c30000,0x00000000d6c80000)
  to   space 1024K, 0% used [0x00000000d6a80000,0x00000000d6a80000,0x00000000d6b80000)
 ParOldGen       total 68608K, used 42994K [0x0000000080000000, 0x0000000084300000, 0x00000000d5580000)
  object space 68608K, 62% used [0x0000000080000000,0x00000000829fc8b8,0x0000000084300000)
 Metaspace       used 54608K, committed 55808K, reserved 1114112K
  class space    used 6067K, committed 6592K, reserved 1048576K
}
Event: 47.918 GC heap after
{Heap after GC invocations=33 (full 2):
 PSYoungGen      total 19968K, used 448K [0x00000000d5580000, 0x00000000d6c00000, 0x0000000100000000)
  eden space 19456K, 0% used [0x00000000d5580000,0x00000000d5580000,0x00000000d6880000)
  from space 512K, 87% used [0x00000000d6a80000,0x00000000d6af0000,0x00000000d6b00000)
  to   space 1024K, 0% used [0x00000000d6b00000,0x00000000d6b00000,0x00000000d6c00000)
 ParOldGen       total 68608K, used 43527K [0x0000000080000000, 0x0000000084300000, 0x00000000d5580000)
  object space 68608K, 63% used [0x0000000080000000,0x0000000082a81e80,0x0000000084300000)
 Metaspace       used 54608K, committed 55808K, reserved 1114112K
  class space    used 6067K, committed 6592K, reserved 1048576K
}
Event: 52.070 GC heap before
{Heap before GC invocations=34 (full 2):
 PSYoungGen      total 19968K, used 19904K [0x00000000d5580000, 0x00000000d6c00000, 0x0000000100000000)
  eden space 19456K, 100% used [0x00000000d5580000,0x00000000d6880000,0x00000000d6880000)
  from space 512K, 87% used [0x00000000d6a80000,0x00000000d6af0000,0x00000000d6b00000)
  to   space 1024K, 0% used [0x00000000d6b00000,0x00000000d6b00000,0x00000000d6c00000)
 ParOldGen       total 68608K, used 43527K [0x0000000080000000, 0x0000000084300000, 0x00000000d5580000)
  object space 68608K, 63% used [0x0000000080000000,0x0000000082a81e80,0x0000000084300000)
 Metaspace       used 55570K, committed 56704K, reserved 1114112K
  class space    used 6226K, committed 6720K, reserved 1048576K
}
Event: 52.074 GC heap after
{Heap after GC invocations=34 (full 2):
 PSYoungGen      total 12800K, used 1020K [0x00000000d5580000, 0x00000000d7c80000, 0x0000000100000000)
  eden space 11776K, 0% used [0x00000000d5580000,0x00000000d5580000,0x00000000d6100000)
  from space 1024K, 99% used [0x00000000d6b00000,0x00000000d6bff2e0,0x00000000d6c00000)
  to   space 10240K, 0% used [0x00000000d6100000,0x00000000d6100000,0x00000000d6b00000)
 ParOldGen       total 68608K, used 51016K [0x0000000080000000, 0x0000000084300000, 0x00000000d5580000)
  object space 68608K, 74% used [0x0000000080000000,0x00000000831d2320,0x0000000084300000)
 Metaspace       used 55570K, committed 56704K, reserved 1114112K
  class space    used 6226K, committed 6720K, reserved 1048576K
}
Event: 53.102 GC heap before
{Heap before GC invocations=35 (full 2):
 PSYoungGen      total 12800K, used 12796K [0x00000000d5580000, 0x00000000d7c80000, 0x0000000100000000)
  eden space 11776K, 100% used [0x00000000d5580000,0x00000000d6100000,0x00000000d6100000)
  from space 1024K, 99% used [0x00000000d6b00000,0x00000000d6bff2e0,0x00000000d6c00000)
  to   space 10240K, 0% used [0x00000000d6100000,0x00000000d6100000,0x00000000d6b00000)
 ParOldGen       total 68608K, used 51016K [0x0000000080000000, 0x0000000084300000, 0x00000000d5580000)
  object space 68608K, 74% used [0x0000000080000000,0x00000000831d2320,0x0000000084300000)
 Metaspace       used 56667K, committed 57792K, reserved 1114112K
  class space    used 6416K, committed 6912K, reserved 1048576K
}
Event: 53.105 GC heap after
{Heap after GC invocations=35 (full 2):
 PSYoungGen      total 12288K, used 512K [0x00000000d5580000, 0x00000000d6b80000, 0x0000000100000000)
  eden space 11776K, 0% used [0x00000000d5580000,0x00000000d5580000,0x00000000d6100000)
  from space 512K, 100% used [0x00000000d6100000,0x00000000d6180000,0x00000000d6180000)
  to   space 3584K, 0% used [0x00000000d6800000,0x00000000d6800000,0x00000000d6b80000)
 ParOldGen       total 68608K, used 52031K [0x0000000080000000, 0x0000000084300000, 0x00000000d5580000)
  object space 68608K, 75% used [0x0000000080000000,0x00000000832cfdd8,0x0000000084300000)
 Metaspace       used 56667K, committed 57792K, reserved 1114112K
  class space    used 6416K, committed 6912K, reserved 1048576K
}

